# JRE version: Java(TM) SE Runtime Environment (8.0_211-b12) (build 1.8.0_211-b12)
# Java VM: Java HotSpot(TM) 64-Bit Server VM (25.211-b12 mixed mode windows-amd64 compressed oops)
Heap:
 PSYoungGen      total 753152K, used 426958K [0x000000076b200000, 0x00000007a4b00000, 0x00000007c0000000)
  eden space 649728K, 65% used [0x000000076b200000,0x00000007852f3ae8,0x0000000792c80000)
  from space 103424K, 0% used [0x0000000792c80000,0x0000000792c80000,0x0000000799180000)
  to   space 105984K, 0% used [0x000000079e380000,0x000000079e380000,0x00000007a4b00000)
 ParOldGen       total 325120K, used 55585K [0x00000006c1600000, 0x00000006d5380000, 0x000000076b200000)
  object space 325120K, 17% used [0x00000006c1600000,0x00000006c4c48498,0x00000006d5380000)
 Metaspace       used 59686K, capacity 62174K, committed 62336K, reserved 1103872K
  class space    used 7376K, capacity 8220K, committed 8320K, reserved 1048576K
GC Heap History (10 events):
Event: 137.448 GC heap before
{Heap before GC invocations=20 (full 2):
 PSYoungGen      total 538112K, used 538110K [0x000000076b200000, 0x0000000799700000, 0x00000007c0000000)
  eden space 473600K, 100% used [0x000000076b200000,0x0000000788080000,0x0000000788080000)
  from space 64512K, 99% used [0x0000000788080000,0x000000078bf7f850,0x000000078bf80000)
  to   space 89600K, 0% used [0x0000000793f80000,0x0000000793f80000,0x0000000799700000)
 ParOldGen       total 220160K, used 159528K [0x00000006c1600000, 0x00000006ced00000, 0x000000076b200000)
  object space 220160K, 72% used [0x00000006c1600000,0x00000006cb1ca1b8,0x00000006ced00000)
 Metaspace       used 53017K, capacity 54878K, committed 55168K, reserved 1097728K
  class space    used 6507K, capacity 7170K, committed 7296K, reserved 1048576K
Event: 137.492 GC heap after
Heap after GC invocations=20 (full 2):
 PSYoungGen      total 655872K, used 66952K [0x000000076b200000, 0x0000000799680000, 0x00000007c0000000)
  eden space 566784K, 0% used [0x000000076b200000,0x000000076b200000,0x000000078db80000)
  from space 89088K, 75% used [0x0000000793f80000,0x00000007980e2338,0x0000000799680000)
  to   space 95744K, 0% used [0x000000078db80000,0x000000078db80000,0x0000000793900000)
 ParOldGen       total 220160K, used 165825K [0x00000006c1600000, 0x00000006ced00000, 0x000000076b200000)
  object space 220160K, 75% used [0x00000006c1600000,0x00000006cb7f0568,0x00000006ced00000)
 Metaspace       used 53017K, capacity 54878K, committed 55168K, reserved 1097728K
  class space    used 6507K, capacity 7170K, committed 7296K, reserved 1048576K
}
Event: 164.547 GC heap before
{Heap before GC invocations=21 (full 2):
 PSYoungGen      total 655872K, used 633736K [0x000000076b200000, 0x0000000799680000, 0x00000007c0000000)
  eden space 566784K, 100% used [0x000000076b200000,0x000000078db80000,0x000000078db80000)
  from space 89088K, 75% used [0x0000000793f80000,0x00000007980e2338,0x0000000799680000)
  to   space 95744K, 0% used [0x000000078db80000,0x000000078db80000,0x0000000793900000)
 ParOldGen       total 220160K, used 165825K [0x00000006c1600000, 0x00000006ced00000, 0x000000076b200000)
  object space 220160K, 75% used [0x00000006c1600000,0x00000006cb7f0568,0x00000006ced00000)
 Metaspace       used 53129K, capacity 55070K, committed 55424K, reserved 1097728K
  class space    used 6507K, capacity 7170K, committed 7296K, reserved 1048576K
Event: 164.578 GC heap after
Heap after GC invocations=21 (full 2):
 PSYoungGen      total 662528K, used 61560K [0x000000076b200000, 0x000000079fb80000, 0x00000007c0000000)
  eden space 566784K, 0% used [0x000000076b200000,0x000000076b200000,0x000000078db80000)
  from space 95744K, 64% used [0x000000078db80000,0x000000079179e048,0x0000000793900000)
  to   space 98816K, 0% used [0x0000000799b00000,0x0000000799b00000,0x000000079fb80000)
 ParOldGen       total 220160K, used 165865K [0x00000006c1600000, 0x00000006ced00000, 0x000000076b200000)
  object space 220160K, 75% used [0x00000006c1600000,0x00000006cb7fa568,0x00000006ced00000)
 Metaspace       used 53129K, capacity 55070K, committed 55424K, reserved 1097728K
  class space    used 6507K, capacity 7170K, committed 7296K, reserved 1048576K
}
Event: 217.256 GC heap before
{Heap before GC invocations=22 (full 2):
 PSYoungGen      total 662528K, used 628344K [0x000000076b200000, 0x000000079fb80000, 0x00000007c0000000)
  eden space 566784K, 100% used [0x000000076b200000,0x000000078db80000,0x000000078db80000)
  from space 95744K, 64% used [0x000000078db80000,0x000000079179e048,0x0000000793900000)
  to   space 98816K, 0% used [0x0000000799b00000,0x0000000799b00000,0x000000079fb80000)
 ParOldGen       total 220160K, used 165865K [0x00000006c1600000, 0x00000006ced00000, 0x000000076b200000)
  object space 220160K, 75% used [0x00000006c1600000,0x00000006cb7fa568,0x00000006ced00000)
 Metaspace       used 55698K, capacity 57912K, committed 58112K, reserved 1099776K
  class space    used 6843K, capacity 7580K, committed 7680K, reserved 1048576K
Event: 217.294 GC heap after
Heap after GC invocations=22 (full 2):
 PSYoungGen      total 743424K, used 69309K [0x000000076b200000, 0x000000079f680000, 0x00000007c0000000)
  eden space 649728K, 0% used [0x000000076b200000,0x000000076b200000,0x0000000792c80000)
  from space 93696K, 73% used [0x0000000799b00000,0x000000079deaf760,0x000000079f680000)
  to   space 103424K, 0% used [0x0000000792c80000,0x0000000792c80000,0x0000000799180000)
 ParOldGen       total 220160K, used 165873K [0x00000006c1600000, 0x00000006ced00000, 0x000000076b200000)
  object space 220160K, 75% used [0x00000006c1600000,0x00000006cb7fc568,0x00000006ced00000)
 Metaspace       used 55698K, capacity 57912K, committed 58112K, reserved 1099776K
  class space    used 6843K, capacity 7580K, committed 7680K, reserved 1048576K
}
Event: 237.051 GC heap before
{Heap before GC invocations=23 (full 2):
 PSYoungGen      total 743424K, used 298777K [0x000000076b200000, 0x000000079f680000, 0x00000007c0000000)
  eden space 649728K, 35% used [0x000000076b200000,0x0000000779216de0,0x0000000792c80000)
  from space 93696K, 73% used [0x0000000799b00000,0x000000079deaf760,0x000000079f680000)
  to   space 103424K, 0% used [0x0000000792c80000,0x0000000792c80000,0x0000000799180000)
 ParOldGen       total 220160K, used 165873K [0x00000006c1600000, 0x00000006ced00000, 0x000000076b200000)
  object space 220160K, 75% used [0x00000006c1600000,0x00000006cb7fc568,0x00000006ced00000)
 Metaspace       used 56592K, capacity 58980K, committed 59096K, reserved 1101824K
  class space    used 6949K, capacity 7749K, committed 7808K, reserved 1048576K
Event: 237.075 GC heap after
Heap after GC invocations=23 (full 2):
 PSYoungGen      total 753152K, used 66794K [0x000000076b200000, 0x00000007a4b00000, 0x00000007c0000000)
  eden space 649728K, 0% used [0x000000076b200000,0x000000076b200000,0x0000000792c80000)
  from space 103424K, 64% used [0x0000000792c80000,0x0000000796dba9c8,0x0000000799180000)
  to   space 105984K, 0% used [0x000000079e380000,0x000000079e380000,0x00000007a4b00000)
 ParOldGen       total 220160K, used 165881K [0x00000006c1600000, 0x00000006ced00000, 0x000000076b200000)
  object space 220160K, 75% used [0x00000006c1600000,0x00000006cb7fe568,0x00000006ced00000)
 Metaspace       used 56592K, capacity 58980K, committed 59096K, reserved 1101824K
  class space    used 6949K, capacity 7749K, committed 7808K, reserved 1048576K
}
Event: 237.075 GC heap before
{Heap before GC invocations=24 (full 3):
 PSYoungGen      total 753152K, used 66794K [0x000000076b200000, 0x00000007a4b00000, 0x00000007c0000000)
  eden space 649728K, 0% used [0x000000076b200000,0x000000076b200000,0x0000000792c80000)
  from space 103424K, 64% used [0x0000000792c80000,0x0000000796dba9c8,0x0000000799180000)
  to   space 105984K, 0% used [0x000000079e380000,0x000000079e380000,0x00000007a4b00000)
 ParOldGen       total 220160K, used 165881K [0x00000006c1600000, 0x00000006ced00000, 0x000000076b200000)
  object space 220160K, 75% used [0x00000006c1600000,0x00000006cb7fe568,0x00000006ced00000)
 Metaspace       used 56592K, capacity 58980K, committed 59096K, reserved 1101824K
  class space    used 6949K, capacity 7749K, committed 7808K, reserved 1048576K
Event: 237.245 GC heap after
Heap after GC invocations=24 (full 3):
 PSYoungGen      total 753152K, used 0K [0x000000076b200000, 0x00000007a4b00000, 0x00000007c0000000)
  eden space 649728K, 0% used [0x000000076b200000,0x000000076b200000,0x0000000792c80000)
  from space 103424K, 0% used [0x0000000792c80000,0x0000000792c80000,0x0000000799180000)
  to   space 105984K, 0% used [0x000000079e380000,0x000000079e380000,0x00000007a4b00000)
 ParOldGen       total 325120K, used 55585K [0x00000006c1600000, 0x00000006d5380000, 0x000000076b200000)
  object space 325120K, 17% used [0x00000006c1600000,0x00000006c4c48498,0x00000006d5380000)
 Metaspace       used 56588K, capacity 58974K, committed 59096K, reserved 1101824K
  class space    used 6948K, capacity 7748K, committed 7808K, reserved 1048576K
}

